<?xml version="1.0" encoding="UTF-8"?>
<!-- Generated by org.testng.reporters.JUnitReportReporter -->
<testsuite hostname="AbhishekMS" failures="0" tests="1" name="com.vtiger_sdet31.CreatecontactsTest" time="83.149" errors="0" timestamp="2022-03-17T15:06:47 IST" skipped="0">
  <testcase classname="com.vtiger_sdet31.CreatecontactsTest" name="createContact" time="83.149"/>
  <system-out/>
</testsuite> <!-- com.vtiger_sdet31.CreatecontactsTest -->
