<?xml version="1.0" encoding="UTF-8"?>
<!-- Generated by org.testng.reporters.JUnitReportReporter -->
<testsuite hostname="AbhishekMS" failures="0" tests="1" name="com.crm.campaign.Campaignstest" time="165.730" errors="0" timestamp="2022-03-11T14:58:32 IST" skipped="0">
  <testcase classname="com.crm.campaign.Campaignstest" name="test" time="165.730"/>
  <system-out/>
</testsuite> <!-- com.crm.campaign.Campaignstest -->
