<?xml version="1.0" encoding="UTF-8"?>
<!-- Generated by org.testng.reporters.JUnitReportReporter -->
<testsuite hostname="AbhishekMS" failures="0" tests="2" name="practice.GroupExe1" time="0.018" errors="0" timestamp="2022-03-24T15:14:08 IST" skipped="0">
  <testcase classname="practice.GroupExe1" name="endtoend" time="0.015"/>
  <system-out/>
  <testcase classname="practice.GroupExe1" name="integration" time="0.003"/>
  <system-out/>
</testsuite> <!-- practice.GroupExe1 -->
