<?xml version="1.0" encoding="UTF-8"?>
<!-- Generated by org.testng.reporters.JUnitReportReporter -->
<testsuite hostname="AbhishekMS" failures="0" tests="2" name="com.vtiger_sdet31.ContactsOrgtest" time="116.152" errors="0" timestamp="2022-03-16T15:19:53 IST" skipped="0">
  <testcase classname="com.vtiger_sdet31.ContactsOrgtest" name="CreateContact" time="56.752"/>
  <system-out/>
  <testcase classname="com.vtiger_sdet31.ContactsOrgtest" name="CreateContact" time="59.400"/>
  <system-out/>
</testsuite> <!-- com.vtiger_sdet31.ContactsOrgtest -->
