<?xml version="1.0" encoding="UTF-8"?>
<!-- Generated by org.testng.reporters.JUnitReportReporter -->
<testsuite hostname="AbhishekMS" failures="0" tests="2" name="practice.GroupExe2" time="0.016" errors="0" timestamp="2022-03-24T15:14:08 IST" skipped="0">
  <testcase classname="practice.GroupExe2" name="performancetesting" time="0.005"/>
  <system-out/>
  <testcase classname="practice.GroupExe2" name="globalizationtesting" time="0.011"/>
  <system-out/>
</testsuite> <!-- practice.GroupExe2 -->
