<?xml version="1.0" encoding="UTF-8"?>
<!-- Generated by org.testng.reporters.JUnitReportReporter -->
<testsuite hostname="AbhishekMS" failures="0" tests="1" name="practice.Header" time="11.350" errors="0" timestamp="2022-03-30T16:59:50 IST" skipped="0">
  <testcase classname="practice.Header" name="header" time="11.350"/>
  <system-out/>
</testsuite> <!-- practice.Header -->
