<?xml version="1.0" encoding="UTF-8"?>
<!-- Generated by org.testng.reporters.JUnitReportReporter -->
<testsuite hostname="AbhishekMS" failures="0" tests="1" name="com.crm.products.Productstest" time="21.224" errors="0" timestamp="2022-03-16T23:31:23 IST" skipped="0">
  <testcase classname="com.crm.products.Productstest" name="Products" time="21.224"/>
  <system-out/>
</testsuite> <!-- com.crm.products.Productstest -->
