<?xml version="1.0" encoding="UTF-8"?>
<!-- Generated by org.testng.reporters.JUnitReportReporter -->
<testsuite hostname="AbhishekMS" failures="0" tests="5" name="practice.ContactTest" time="322.866" errors="0" timestamp="2022-03-14T12:57:39 IST" skipped="0">
  <testcase classname="practice.ContactTest" name="multipledata" time="62.504"/>
  <system-out/>
  <testcase classname="practice.ContactTest" name="multipledata" time="64.434"/>
  <system-out/>
  <testcase classname="practice.ContactTest" name="multipledata" time="65.322"/>
  <system-out/>
  <testcase classname="practice.ContactTest" name="multipledata" time="65.471"/>
  <system-out/>
  <testcase classname="practice.ContactTest" name="multipledata" time="65.135"/>
  <system-out/>
</testsuite> <!-- practice.ContactTest -->
