<?xml version="1.0" encoding="UTF-8"?>
<!-- Generated by org.testng.reporters.JUnitReportReporter -->
<testsuite hostname="AbhishekMS" failures="0" tests="1" name="com.vtiger_sdet31.CreateOrganisationWithIndustryPomTest" time="24.142" errors="0" timestamp="2022-03-17T15:09:30 IST" skipped="0">
  <testcase classname="com.vtiger_sdet31.CreateOrganisationWithIndustryPomTest" name="createOrganization" time="24.142"/>
  <system-out/>
</testsuite> <!-- com.vtiger_sdet31.CreateOrganisationWithIndustryPomTest -->
