<?xml version="1.0" encoding="UTF-8"?>
<!-- Generated by org.testng.reporters.JUnitReportReporter -->
<testsuite hostname="AbhishekMS" failures="0" tests="1" name="com.vtiger.opportunity.VerifyOpportunityPomTest" time="60.086" errors="0" timestamp="2022-03-15T14:36:37 IST" skipped="0">
  <testcase classname="com.vtiger.opportunity.VerifyOpportunityPomTest" name="verifyOpp" time="60.086"/>
  <system-out/>
</testsuite> <!-- com.vtiger.opportunity.VerifyOpportunityPomTest -->
