<?xml version="1.0" encoding="UTF-8"?>
<!-- Generated by org.testng.reporters.JUnitReportReporter -->
<testsuite hostname="AbhishekMS" failures="0" tests="1" name="com.crm.organization.CreateOrganisationWithIndustryPomTest" time="19.608" errors="0" timestamp="2022-03-14T18:20:24 IST" skipped="0">
  <testcase classname="com.crm.organization.CreateOrganisationWithIndustryPomTest" name="createOrganization" time="19.608"/>
  <system-out/>
</testsuite> <!-- com.crm.organization.CreateOrganisationWithIndustryPomTest -->
