<?xml version="1.0" encoding="UTF-8"?>
<!-- Generated by org.testng.reporters.JUnitReportReporter -->
<testsuite hostname="AbhishekMS" failures="0" tests="1" name="com.vtiger_sdet31.VerifyOpportunityPomTest" time="25.732" errors="0" timestamp="2022-03-24T10:15:53 IST" skipped="0">
  <testcase classname="com.vtiger_sdet31.VerifyOpportunityPomTest" name="verifyOpp" time="25.732"/>
  <system-out/>
</testsuite> <!-- com.vtiger_sdet31.VerifyOpportunityPomTest -->
