<?xml version="1.0" encoding="UTF-8"?>
<!-- Generated by org.testng.reporters.JUnitReportReporter -->
<testsuite hostname="AbhishekMS" failures="0" tests="1" name="com.crm.contacts.ContactsOrgtest" time="98.642" errors="0" timestamp="2022-03-15T10:13:46 IST" skipped="0">
  <testcase classname="com.crm.contacts.ContactsOrgtest" name="CreateContact" time="98.642"/>
  <system-out/>
</testsuite> <!-- com.crm.contacts.ContactsOrgtest -->
