<?xml version="1.0" encoding="UTF-8"?>
<!-- Generated by org.testng.reporters.JUnitReportReporter -->
<testsuite hostname="AbhishekMS" failures="0" tests="1" name="com.crm.campaign.CampaignTest" time="19.429" errors="0" timestamp="2022-03-16T00:30:35 IST" skipped="0">
  <testcase classname="com.crm.campaign.CampaignTest" name="campaign" time="19.429"/>
  <system-out/>
</testsuite> <!-- com.crm.campaign.CampaignTest -->
